<?xml version="1.0" encoding="UTF-8"?>
<!-- Generated by org.testng.reporters.JUnitReportReporter -->
<testsuite skipped="0" hostname="DESKTOP-NHDJ7D7" name="Practice.Appiumramework.ApiDemoTest" tests="1" failures="0" timestamp="2020-06-07T10:34:23 IST" time="25.261" errors="0">
  <testcase name="apiDemo" time="25.261" classname="Practice.Appiumramework.ApiDemoTest"/>
  <system-out/>
</testsuite> <!-- Practice.Appiumramework.ApiDemoTest -->
